<?xml version="1.0" encoding="utf-8"?><testsuites name="pytest tests"><testsuite name="pytest" errors="0" failures="0" skipped="0" tests="17" time="8.700" timestamp="2026-02-02T07:12:25.490315+00:00" hostname="agent-env-09c24029-8698-4816-9ad1-c3136361e4c0"><testcase classname="backend.tests.test_submissions_management.TestSubmissionsAPI" name="test_get_submissions_pending" time="0.473" /><testcase classname="backend.tests.test_submissions_management.TestSubmissionsAPI" name="test_get_submissions_all" time="0.453" /><testcase classname="backend.tests.test_submissions_management.TestSubmissionsAPI" name="test_get_submissions_approved" time="0.452" /><testcase classname="backend.tests.test_submissions_management.TestSubmissionsAPI" name="test_get_submissions_rejected" time="0.449" /><testcase classname="backend.tests.test_submissions_management.TestSubmissionsAPI" name="test_get_unseen_count" time="0.347" /><testcase classname="backend.tests.test_submissions_management.TestSubmissionActions" name="test_approve_submission" time="0.895" /><testcase classname="backend.tests.test_submissions_management.TestSubmissionActions" name="test_reject_submission" time="0.691" /><testcase classname="backend.tests.test_submissions_management.TestSubmissionActions" name="test_delete_submission" time="1.203" /><testcase classname="backend.tests.test_submissions_management.TestSubmissionActions" name="test_approve_nonexistent_submission" time="0.343" /><testcase classname="backend.tests.test_submissions_management.TestSubmissionActions" name="test_reject_nonexistent_submission" time="0.368" /><testcase classname="backend.tests.test_submissions_management.TestSubmissionActions" name="test_delete_nonexistent_submission" time="0.447" /><testcase classname="backend.tests.test_submissions_management.TestAdminLogin" name="test_admin_login_success" time="0.469" /><testcase classname="backend.tests.test_submissions_management.TestAdminLogin" name="test_admin_login_failure" time="0.451" /><testcase classname="backend.tests.test_submissions_management.TestSubmissionsPagination" name="test_pagination_page_1" time="0.350" /><testcase classname="backend.tests.test_submissions_management.TestSubmissionsPagination" name="test_pagination_page_2" time="0.454" /><testcase classname="backend.tests.test_submissions_management.TestBulkOperationsPrep" name="test_submission_has_id" time="0.450" /><testcase classname="backend.tests.test_submissions_management.TestBulkOperationsPrep" name="test_submission_status_values" time="0.349" /></testsuite></testsuites>