<?xml version="1.0" encoding="utf-8"?><testsuites name="pytest tests"><testsuite name="pytest" errors="0" failures="0" skipped="0" tests="16" time="16.170" timestamp="2026-02-02T06:46:50.163980+00:00" hostname="agent-env-09c24029-8698-4816-9ad1-c3136361e4c0"><testcase classname="backend.tests.test_new_features.TestSponsoredLinksAnalytics" name="test_track_sponsored_click" time="0.490" /><testcase classname="backend.tests.test_new_features.TestSponsoredLinksAnalytics" name="test_get_sponsored_analytics" time="0.464" /><testcase classname="backend.tests.test_new_features.TestSponsoredLinksAnalytics" name="test_sponsored_analytics_structure" time="0.347" /><testcase classname="backend.tests.test_new_features.TestTrendingDownloads" name="test_get_trending_downloads_disabled" time="0.465" /><testcase classname="backend.tests.test_new_features.TestTrendingDownloads" name="test_enable_trending_downloads" time="0.343" /><testcase classname="backend.tests.test_new_features.TestTrendingDownloads" name="test_get_trending_downloads_enabled" time="1.021" /><testcase classname="backend.tests.test_new_features.TestTrendingDownloads" name="test_disable_trending_downloads" time="0.341" /><testcase classname="backend.tests.test_new_features.TestDownloadActivityTracking" name="test_track_download_activity" time="1.589" /><testcase classname="backend.tests.test_new_features.TestDownloadActivityTracking" name="test_track_nonexistent_download" time="0.466" /><testcase classname="backend.tests.test_new_features.TestTopDownloadsWithSponsored" name="test_get_top_downloads" time="0.347" /><testcase classname="backend.tests.test_new_features.TestTopDownloadsWithSponsored" name="test_add_sponsored_download" time="0.668" /><testcase classname="backend.tests.test_new_features.TestTopDownloadsWithSponsored" name="test_sponsored_appears_in_top_downloads" time="0.807" /><testcase classname="backend.tests.test_new_features.TestSiteSettings" name="test_get_site_settings" time="0.449" /><testcase classname="backend.tests.test_new_features.TestSiteSettings" name="test_update_trending_count" time="1.003" /><testcase classname="backend.tests.test_new_features.TestIntegration" name="test_complete_sponsored_flow" time="2.715" /><testcase classname="backend.tests.test_new_features.TestIntegration" name="test_complete_trending_flow" time="4.574" /></testsuite></testsuites>