<?xml version="1.0" encoding="utf-8"?><testsuites name="pytest tests"><testsuite name="pytest" errors="0" failures="0" skipped="0" tests="29" time="17.072" timestamp="2026-02-02T19:12:21.351568+00:00" hostname="agent-env-89b81abc-3179-4aad-a0ec-fa23cb4a203e"><testcase classname="tests.test_refactored_api.TestRootAndHealth" name="test_root_endpoint" time="0.488" /><testcase classname="tests.test_refactored_api.TestDownloadsEndpoints" name="test_get_downloads_basic" time="0.453" /><testcase classname="tests.test_refactored_api.TestDownloadsEndpoints" name="test_get_downloads_pagination" time="0.911" /><testcase classname="tests.test_refactored_api.TestDownloadsEndpoints" name="test_get_downloads_type_filter" time="0.450" /><testcase classname="tests.test_refactored_api.TestDownloadsEndpoints" name="test_get_downloads_search" time="0.449" /><testcase classname="tests.test_refactored_api.TestDownloadsEndpoints" name="test_get_downloads_sort_by_downloads" time="0.448" /><testcase classname="tests.test_refactored_api.TestDownloadsEndpoints" name="test_get_downloads_sort_by_name" time="0.669" /><testcase classname="tests.test_refactored_api.TestTopDownloads" name="test_get_top_downloads" time="0.450" /><testcase classname="tests.test_refactored_api.TestTopDownloads" name="test_top_downloads_structure" time="0.671" /><testcase classname="tests.test_refactored_api.TestTrendingDownloads" name="test_get_trending_downloads" time="0.766" /><testcase classname="tests.test_refactored_api.TestTrendingDownloads" name="test_trending_downloads_structure" time="0.471" /><testcase classname="tests.test_refactored_api.TestTrackDownload" name="test_track_download_success" time="0.791" /><testcase classname="tests.test_refactored_api.TestTrackDownload" name="test_track_download_not_found" time="0.342" /><testcase classname="tests.test_refactored_api.TestSponsoredClick" name="test_track_sponsored_click" time="0.449" /><testcase classname="tests.test_refactored_api.TestCaptcha" name="test_generate_captcha" time="0.344" /><testcase classname="tests.test_refactored_api.TestSubmissionsRemaining" name="test_get_remaining_submissions" time="0.343" /><testcase classname="tests.test_refactored_api.TestAdminLogin" name="test_admin_login_success" time="0.448" /><testcase classname="tests.test_refactored_api.TestAdminLogin" name="test_admin_login_failure" time="0.451" /><testcase classname="tests.test_refactored_api.TestAdminSubmissions" name="test_get_admin_submissions" time="0.449" /><testcase classname="tests.test_refactored_api.TestAdminSubmissions" name="test_get_admin_submissions_status_filter" time="1.250" /><testcase classname="tests.test_refactored_api.TestSponsoredAnalytics" name="test_get_sponsored_analytics" time="0.470" /><testcase classname="tests.test_refactored_api.TestTheme" name="test_get_theme" time="0.343" /><testcase classname="tests.test_refactored_api.TestTheme" name="test_update_theme" time="2.014" /><testcase classname="tests.test_refactored_api.TestSettings" name="test_get_settings" time="0.687" /><testcase classname="tests.test_refactored_api.TestStats" name="test_get_stats" time="0.691" /><testcase classname="tests.test_refactored_api.TestCategories" name="test_get_categories" time="0.349" /><testcase classname="tests.test_refactored_api.TestCategories" name="test_get_categories_type_filter" time="0.368" /><testcase classname="tests.test_refactored_api.TestApproveRejectSubmission" name="test_approve_submission_not_found" time="0.467" /><testcase classname="tests.test_refactored_api.TestApproveRejectSubmission" name="test_reject_submission_not_found" time="0.481" /></testsuite></testsuites>