<?xml version="1.0" encoding="utf-8"?><testsuites name="pytest tests"><testsuite name="pytest" errors="0" failures="2" skipped="0" tests="17" time="8.968" timestamp="2026-02-02T07:08:00.734056+00:00" hostname="agent-env-09c24029-8698-4816-9ad1-c3136361e4c0"><testcase classname="backend.tests.test_submissions_management.TestSubmissionsAPI" name="test_get_submissions_pending" time="0.494" /><testcase classname="backend.tests.test_submissions_management.TestSubmissionsAPI" name="test_get_submissions_all" time="0.457" /><testcase classname="backend.tests.test_submissions_management.TestSubmissionsAPI" name="test_get_submissions_approved" time="0.445" /><testcase classname="backend.tests.test_submissions_management.TestSubmissionsAPI" name="test_get_submissions_rejected" time="0.448" /><testcase classname="backend.tests.test_submissions_management.TestSubmissionsAPI" name="test_get_unseen_count" time="0.456" /><testcase classname="backend.tests.test_submissions_management.TestSubmissionActions" name="test_approve_submission" time="0.898" /><testcase classname="backend.tests.test_submissions_management.TestSubmissionActions" name="test_reject_submission" time="0.795" /><testcase classname="backend.tests.test_submissions_management.TestSubmissionActions" name="test_delete_submission" time="1.013"><failure message="assert 520 == 200&#10; +  where 520 = &lt;Response [520]&gt;.status_code">backend/tests/test_submissions_management.py:123: in test_delete_submission
    assert delete_response.status_code == 200
E   assert 520 == 200
E    +  where 520 = &lt;Response [520]&gt;.status_code</failure></testcase><testcase classname="backend.tests.test_submissions_management.TestSubmissionActions" name="test_approve_nonexistent_submission" time="0.363" /><testcase classname="backend.tests.test_submissions_management.TestSubmissionActions" name="test_reject_nonexistent_submission" time="0.343" /><testcase classname="backend.tests.test_submissions_management.TestSubmissionActions" name="test_delete_nonexistent_submission" time="0.342"><failure message="assert 520 == 404&#10; +  where 520 = &lt;Response [520]&gt;.status_code">backend/tests/test_submissions_management.py:145: in test_delete_nonexistent_submission
    assert response.status_code == 404
E   assert 520 == 404
E    +  where 520 = &lt;Response [520]&gt;.status_code</failure></testcase><testcase classname="backend.tests.test_submissions_management.TestAdminLogin" name="test_admin_login_success" time="0.344" /><testcase classname="backend.tests.test_submissions_management.TestAdminLogin" name="test_admin_login_failure" time="0.343" /><testcase classname="backend.tests.test_submissions_management.TestSubmissionsPagination" name="test_pagination_page_1" time="0.455" /><testcase classname="backend.tests.test_submissions_management.TestSubmissionsPagination" name="test_pagination_page_2" time="0.772" /><testcase classname="backend.tests.test_submissions_management.TestBulkOperationsPrep" name="test_submission_has_id" time="0.448" /><testcase classname="backend.tests.test_submissions_management.TestBulkOperationsPrep" name="test_submission_status_values" time="0.450" /></testsuite></testsuites>